<?xml version="1.0" encoding="UTF-8"?>
<testsuite name="com.devopsusach2020.DevOpsUsach2020ApplicationTests" tests="1" skipped="0" failures="0" errors="0" timestamp="2022-01-20T00:27:40" hostname="rlizana-desktop" time="0.179">
  <properties/>
  <testcase name="contextLoads()" classname="com.devopsusach2020.DevOpsUsach2020ApplicationTests" time="0.179"/>
  <system-out><![CDATA[21:27:38.901 [Test worker] DEBUG org.springframework.test.context.BootstrapUtils - Instantiating CacheAwareContextLoaderDelegate from class [org.springframework.test.context.cache.DefaultCacheAwareContextLoaderDelegate]
21:27:38.909 [Test worker] DEBUG org.springframework.test.context.BootstrapUtils - Instantiating BootstrapContext using constructor [public org.springframework.test.context.support.DefaultBootstrapContext(java.lang.Class,org.springframework.test.context.CacheAwareContextLoaderDelegate)]
21:27:38.928 [Test worker] DEBUG org.springframework.test.context.BootstrapUtils - Instantiating TestContextBootstrapper for test class [com.devopsusach2020.DevOpsUsach2020ApplicationTests] from class [org.springframework.boot.test.context.SpringBootTestContextBootstrapper]
21:27:38.938 [Test worker] INFO org.springframework.boot.test.context.SpringBootTestContextBootstrapper - Neither @ContextConfiguration nor @ContextHierarchy found for test class [com.devopsusach2020.DevOpsUsach2020ApplicationTests], using SpringBootContextLoader
21:27:38.940 [Test worker] DEBUG org.springframework.test.context.support.AbstractContextLoader - Did not detect default resource location for test class [com.devopsusach2020.DevOpsUsach2020ApplicationTests]: class path resource [com/devopsusach2020/DevOpsUsach2020ApplicationTests-context.xml] does not exist
21:27:38.940 [Test worker] DEBUG org.springframework.test.context.support.AbstractContextLoader - Did not detect default resource location for test class [com.devopsusach2020.DevOpsUsach2020ApplicationTests]: class path resource [com/devopsusach2020/DevOpsUsach2020ApplicationTestsContext.groovy] does not exist
21:27:38.941 [Test worker] INFO org.springframework.test.context.support.AbstractContextLoader - Could not detect default resource locations for test class [com.devopsusach2020.DevOpsUsach2020ApplicationTests]: no resource found for suffixes {-context.xml, Context.groovy}.
21:27:38.941 [Test worker] INFO org.springframework.test.context.support.AnnotationConfigContextLoaderUtils - Could not detect default configuration classes for test class [com.devopsusach2020.DevOpsUsach2020ApplicationTests]: DevOpsUsach2020ApplicationTests does not declare any static, non-private, non-final, nested classes annotated with @Configuration.
21:27:38.965 [Test worker] DEBUG org.springframework.test.context.support.ActiveProfilesUtils - Could not find an 'annotation declaring class' for annotation type [org.springframework.test.context.ActiveProfiles] and class [com.devopsusach2020.DevOpsUsach2020ApplicationTests]
21:27:39.002 [Test worker] DEBUG org.springframework.context.annotation.ClassPathScanningCandidateComponentProvider - Identified candidate component class: file [/home/rlizana/devops-usach/ejemplo-gradle/build/classes/java/main/com/devopsusach2020/DevOpsUsach2020Application.class]
21:27:39.003 [Test worker] INFO org.springframework.boot.test.context.SpringBootTestContextBootstrapper - Found @SpringBootConfiguration com.devopsusach2020.DevOpsUsach2020Application for test class com.devopsusach2020.DevOpsUsach2020ApplicationTests
21:27:39.064 [Test worker] DEBUG org.springframework.boot.test.context.SpringBootTestContextBootstrapper - @TestExecutionListeners is not present for class [com.devopsusach2020.DevOpsUsach2020ApplicationTests]: using defaults.
21:27:39.064 [Test worker] INFO org.springframework.boot.test.context.SpringBootTestContextBootstrapper - Loaded default TestExecutionListener class names from location [META-INF/spring.factories]: [org.springframework.boot.test.autoconfigure.restdocs.RestDocsTestExecutionListener, org.springframework.boot.test.autoconfigure.web.client.MockRestServiceServerResetTestExecutionListener, org.springframework.boot.test.autoconfigure.web.servlet.MockMvcPrintOnlyOnFailureTestExecutionListener, org.springframework.boot.test.autoconfigure.web.servlet.WebDriverTestExecutionListener, org.springframework.boot.test.autoconfigure.webservices.client.MockWebServiceServerTestExecutionListener, org.springframework.boot.test.mock.mockito.MockitoTestExecutionListener, org.springframework.boot.test.mock.mockito.ResetMocksTestExecutionListener, org.springframework.test.context.web.ServletTestExecutionListener, org.springframework.test.context.support.DirtiesContextBeforeModesTestExecutionListener, org.springframework.test.context.support.DependencyInjectionTestExecutionListener, org.springframework.test.context.support.DirtiesContextTestExecutionListener, org.springframework.test.context.transaction.TransactionalTestExecutionListener, org.springframework.test.context.jdbc.SqlScriptsTestExecutionListener, org.springframework.test.context.event.EventPublishingTestExecutionListener]
21:27:39.071 [Test worker] DEBUG org.springframework.boot.test.context.SpringBootTestContextBootstrapper - Skipping candidate TestExecutionListener [org.springframework.test.context.transaction.TransactionalTestExecutionListener] due to a missing dependency. Specify custom listener classes or make the default listener classes and their required dependencies available. Offending class: [org/springframework/transaction/TransactionDefinition]
21:27:39.071 [Test worker] DEBUG org.springframework.boot.test.context.SpringBootTestContextBootstrapper - Skipping candidate TestExecutionListener [org.springframework.test.context.jdbc.SqlScriptsTestExecutionListener] due to a missing dependency. Specify custom listener classes or make the default listener classes and their required dependencies available. Offending class: [org/springframework/transaction/interceptor/TransactionAttribute]
21:27:39.071 [Test worker] INFO org.springframework.boot.test.context.SpringBootTestContextBootstrapper - Using TestExecutionListeners: [org.springframework.test.context.web.ServletTestExecutionListener@4cc979ab, org.springframework.test.context.support.DirtiesContextBeforeModesTestExecutionListener@8b62672, org.springframework.boot.test.mock.mockito.MockitoTestExecutionListener@45c14b8c, org.springframework.boot.test.autoconfigure.SpringBootDependencyInjectionTestExecutionListener@450d9649, org.springframework.test.context.support.DirtiesContextTestExecutionListener@420eab62, org.springframework.test.context.event.EventPublishingTestExecutionListener@7bb280e7, org.springframework.boot.test.autoconfigure.restdocs.RestDocsTestExecutionListener@34e02936, org.springframework.boot.test.autoconfigure.web.client.MockRestServiceServerResetTestExecutionListener@1df64e3d, org.springframework.boot.test.autoconfigure.web.servlet.MockMvcPrintOnlyOnFailureTestExecutionListener@2a14b35a, org.springframework.boot.test.autoconfigure.web.servlet.WebDriverTestExecutionListener@45cebb47, org.springframework.boot.test.autoconfigure.webservices.client.MockWebServiceServerTestExecutionListener@70528351, org.springframework.boot.test.mock.mockito.ResetMocksTestExecutionListener@5ffaacc0]
21:27:39.074 [Test worker] DEBUG org.springframework.test.context.support.AbstractDirtiesContextTestExecutionListener - Before test class: context [DefaultTestContext@56ddad1b testClass = DevOpsUsach2020ApplicationTests, testInstance = [null], testMethod = [null], testException = [null], mergedContextConfiguration = [WebMergedContextConfiguration@59429533 testClass = DevOpsUsach2020ApplicationTests, locations = '{}', classes = '{class com.devopsusach2020.DevOpsUsach2020Application}', contextInitializerClasses = '[]', activeProfiles = '{}', propertySourceLocations = '{}', propertySourceProperties = '{org.springframework.boot.test.context.SpringBootTestContextBootstrapper=true}', contextCustomizers = set[org.springframework.boot.test.autoconfigure.properties.PropertyMappingContextCustomizer@0, org.springframework.boot.test.autoconfigure.web.servlet.WebDriverContextCustomizerFactory$Customizer@b607ab3, org.springframework.boot.test.context.filter.ExcludeFilterContextCustomizer@56c13567, org.springframework.boot.test.json.DuplicateJsonObjectContextCustomizerFactory$DuplicateJsonObjectContextCustomizer@435ffff4, org.springframework.boot.test.mock.mockito.MockitoContextCustomizer@0, org.springframework.boot.test.web.client.TestRestTemplateContextCustomizer@e4fcf07, org.springframework.boot.test.context.SpringBootTestArgs@1], resourceBasePath = 'src/main/webapp', contextLoader = 'org.springframework.boot.test.context.SpringBootContextLoader', parent = [null]], attributes = map['org.springframework.test.context.web.ServletTestExecutionListener.activateListener' -> true]], class annotated with @DirtiesContext [false] with mode [null].
21:27:39.092 [Test worker] DEBUG org.springframework.test.context.support.TestPropertySourceUtils - Adding inlined properties to environment: {spring.jmx.enabled=false, org.springframework.boot.test.context.SpringBootTestContextBootstrapper=true}

  .   ____          _            __ _ _
 /\\ / ___'_ __ _ _(_)_ __  __ _ \ \ \ \
( ( )\___ | '_ | '_| | '_ \/ _` | \ \ \ \
 \\/  ___)| |_)| | | | | || (_| |  ) ) ) )
  '  |____| .__|_| |_|_| |_\__, | / / / /
 =========|_|==============|___/=/_/_/_/
 :: Spring Boot ::        (v2.3.4.RELEASE)

2022-01-19 21:27:39.289  INFO 40303 --- [    Test worker] c.d.DevOpsUsach2020ApplicationTests      : Starting DevOpsUsach2020ApplicationTests on rlizana-desktop with PID 40303 (started by rlizana in /home/rlizana/devops-usach/ejemplo-gradle)
2022-01-19 21:27:39.290  INFO 40303 --- [    Test worker] c.d.DevOpsUsach2020ApplicationTests      : No active profile set, falling back to default profiles: default
2022-01-19 21:27:40.125  INFO 40303 --- [    Test worker] o.s.s.concurrent.ThreadPoolTaskExecutor  : Initializing ExecutorService 'applicationTaskExecutor'
2022-01-19 21:27:40.327  INFO 40303 --- [    Test worker] c.d.DevOpsUsach2020ApplicationTests      : Started DevOpsUsach2020ApplicationTests in 1.228 seconds (JVM running for 1.996)
]]></system-out>
  <system-err><![CDATA[]]></system-err>
</testsuite>
